2025-04-15 10:41:27,135 - INFO - Created/verified directories: C:\Users\Swathi Gogula\Desktop\myapps\stocks\stock-dashboards\data, C:\Users\Swathi Gogula\Desktop\myapps\stocks\stock-dashboards\analysis_output, C:\Users\Swathi Gogula\Desktop\myapps\stocks\stock-dashboards\reports, C:\Users\Swathi Gogula\Desktop\myapps\stocks\stock-dashboards\config
2025-04-15 10:41:27,135 - INFO - Created/verified directory: C:\Users\Swathi Gogula\Desktop\myapps\stocks\stock-dashboards\data\daily
2025-04-15 10:41:27,136 - INFO - Created/verified directory: C:\Users\Swathi Gogula\Desktop\myapps\stocks\stock-dashboards\data\weekly
2025-04-15 10:41:27,136 - INFO - Created/verified directory: C:\Users\Swathi Gogula\Desktop\myapps\stocks\stock-dashboards\data\monthly
2025-04-15 10:41:27,137 - INFO - Created/verified directory: C:\Users\Swathi Gogula\Desktop\myapps\stocks\stock-dashboards\data\15m
2025-04-15 10:41:27,137 - INFO - Created/verified directory: C:\Users\Swathi Gogula\Desktop\myapps\stocks\stock-dashboards\data\30m
2025-04-15 10:41:27,137 - INFO - Created/verified directory: C:\Users\Swathi Gogula\Desktop\myapps\stocks\stock-dashboards\data\60m
2025-04-15 10:41:27,138 - INFO - Starting data collection...
2025-04-15 10:41:28,921 - INFO - Starting market analysis...
2025-04-15 10:41:29,570 - INFO - Saved analysis results to C:\Users\Swathi Gogula\Desktop\myapps\stocks\stock-dashboards\analysis_output\market_analysis_20250415.json
2025-04-15 10:41:29,570 - INFO - Market analysis completed successfully
2025-04-15 10:41:29,570 - INFO - Starting swing analysis...
2025-04-15 10:41:29,572 - INFO - Starting swing analysis...
2025-04-15 10:41:29,572 - INFO - Loading market analysis from C:\Users\Swathi Gogula\Desktop\myapps\stocks\stock-dashboards\analysis_output\market_analysis_20250415.json
2025-04-15 10:41:29,613 - INFO - Analyzing SPX...
2025-04-15 10:41:29,845 - INFO - Completed swing analysis for SPX at daily interval
2025-04-15 10:41:29,845 - INFO - Analyzing VIX...
2025-04-15 10:41:30,127 - INFO - Completed swing analysis for VIX at daily interval
2025-04-15 10:41:30,127 - INFO - Analyzing ES...
2025-04-15 10:41:30,150 - INFO - Completed swing analysis for ES at daily interval
2025-04-15 10:41:30,155 - INFO - Completed swing analysis for ES at weekly interval
2025-04-15 10:41:30,167 - INFO - Saved swing analysis results to C:\Users\Swathi Gogula\Desktop\myapps\stocks\stock-dashboards\analysis_output\swing_analysis_20250415.json
2025-04-15 10:41:30,167 - INFO - Swing analysis completed successfully
2025-04-15 10:41:30,168 - INFO - Swing analysis completed successfully
2025-04-15 10:41:30,168 - INFO - Generating summary...
2025-04-15 10:41:30,169 - INFO - Summary saved to C:\Users\Swathi Gogula\Desktop\myapps\stocks\stock-dashboards\reports\market_summary_2025-04-15.json
2025-04-15 10:41:30,170 - INFO - Summary generated and saved successfully
2025-04-15 10:41:30,170 - INFO - Launching dashboard...
2025-04-15 10:41:42,457 - INFO - Created/verified directories: C:\Users\Swathi Gogula\Desktop\myapps\stocks\stock-dashboards\data, C:\Users\Swathi Gogula\Desktop\myapps\stocks\stock-dashboards\analysis_output, C:\Users\Swathi Gogula\Desktop\myapps\stocks\stock-dashboards\reports, C:\Users\Swathi Gogula\Desktop\myapps\stocks\stock-dashboards\config
2025-04-15 10:41:42,457 - INFO - Created/verified directory: C:\Users\Swathi Gogula\Desktop\myapps\stocks\stock-dashboards\data\daily
2025-04-15 10:41:42,458 - INFO - Created/verified directory: C:\Users\Swathi Gogula\Desktop\myapps\stocks\stock-dashboards\data\weekly
2025-04-15 10:41:42,458 - INFO - Created/verified directory: C:\Users\Swathi Gogula\Desktop\myapps\stocks\stock-dashboards\data\monthly
2025-04-15 10:41:42,458 - INFO - Created/verified directory: C:\Users\Swathi Gogula\Desktop\myapps\stocks\stock-dashboards\data\15m
2025-04-15 10:41:42,458 - INFO - Created/verified directory: C:\Users\Swathi Gogula\Desktop\myapps\stocks\stock-dashboards\data\30m
2025-04-15 10:41:42,460 - INFO - Created/verified directory: C:\Users\Swathi Gogula\Desktop\myapps\stocks\stock-dashboards\data\60m
2025-04-15 10:41:42,460 - INFO - Starting data collection...
2025-04-15 10:41:44,507 - INFO - Starting market analysis...
2025-04-15 10:41:45,138 - INFO - Analysis results saved to C:\Users\Swathi Gogula\Desktop\myapps\stocks\stock-dashboards\analysis_output\market_analysis_2025-04-15.json
2025-04-15 10:41:45,138 - INFO - Market analysis completed successfully
2025-04-15 10:41:45,138 - INFO - Starting swing analysis...
2025-04-15 10:41:45,138 - INFO - Starting swing analysis...
2025-04-15 10:41:45,139 - INFO - Loading market analysis from C:\Users\Swathi Gogula\Desktop\myapps\stocks\stock-dashboards\analysis_output\market_analysis_2025-04-15.json
2025-04-15 10:41:45,180 - INFO - Analyzing SPX...
2025-04-15 10:41:45,410 - INFO - Completed swing analysis for SPX at daily interval
2025-04-15 10:41:45,411 - INFO - Analyzing VIX...
2025-04-15 10:41:45,651 - INFO - Completed swing analysis for VIX at daily interval
2025-04-15 10:41:45,651 - INFO - Analyzing ES...
2025-04-15 10:41:45,674 - INFO - Completed swing analysis for ES at daily interval
2025-04-15 10:41:45,680 - INFO - Completed swing analysis for ES at weekly interval
2025-04-15 10:41:45,690 - INFO - Saved swing analysis results to C:\Users\Swathi Gogula\Desktop\myapps\stocks\stock-dashboards\analysis_output\swing_analysis_20250415.json
2025-04-15 10:41:45,691 - INFO - Swing analysis completed successfully
2025-04-15 10:41:45,692 - INFO - Swing analysis completed successfully
2025-04-15 10:41:45,692 - INFO - Generating summary...
2025-04-15 10:41:45,693 - INFO - Summary saved to C:\Users\Swathi Gogula\Desktop\myapps\stocks\stock-dashboards\reports\market_summary_2025-04-15.json
2025-04-15 10:41:45,693 - INFO - Summary generated and saved successfully
2025-04-15 10:41:45,693 - INFO - Launching dashboard...
2025-04-15 10:42:47,838 - INFO - Created/verified directories: C:\Users\Swathi Gogula\Desktop\myapps\stocks\stock-dashboards\data, C:\Users\Swathi Gogula\Desktop\myapps\stocks\stock-dashboards\analysis_output, C:\Users\Swathi Gogula\Desktop\myapps\stocks\stock-dashboards\reports, C:\Users\Swathi Gogula\Desktop\myapps\stocks\stock-dashboards\config
2025-04-15 10:42:47,838 - INFO - Created/verified directory: C:\Users\Swathi Gogula\Desktop\myapps\stocks\stock-dashboards\data\daily
2025-04-15 10:42:47,838 - INFO - Created/verified directory: C:\Users\Swathi Gogula\Desktop\myapps\stocks\stock-dashboards\data\weekly
2025-04-15 10:42:47,839 - INFO - Created/verified directory: C:\Users\Swathi Gogula\Desktop\myapps\stocks\stock-dashboards\data\monthly
2025-04-15 10:42:47,839 - INFO - Created/verified directory: C:\Users\Swathi Gogula\Desktop\myapps\stocks\stock-dashboards\data\15m
2025-04-15 10:42:47,839 - INFO - Created/verified directory: C:\Users\Swathi Gogula\Desktop\myapps\stocks\stock-dashboards\data\30m
2025-04-15 10:42:47,839 - INFO - Created/verified directory: C:\Users\Swathi Gogula\Desktop\myapps\stocks\stock-dashboards\data\60m
2025-04-15 10:42:47,839 - INFO - Starting data collection...
2025-04-15 10:42:49,827 - INFO - Starting market analysis...
2025-04-15 10:42:50,477 - INFO - Analysis results saved to C:\Users\Swathi Gogula\Desktop\myapps\stocks\stock-dashboards\analysis_output\market_analysis_2025-04-15.json
2025-04-15 10:42:50,478 - INFO - Market analysis completed successfully
2025-04-15 10:42:50,478 - INFO - Starting swing analysis...
2025-04-15 10:42:50,478 - INFO - Starting swing analysis...
2025-04-15 10:42:50,479 - INFO - Loading market analysis from C:\Users\Swathi Gogula\Desktop\myapps\stocks\stock-dashboards\analysis_output\market_analysis_2025-04-15.json
2025-04-15 10:42:50,517 - INFO - Analyzing SPX...
2025-04-15 10:42:50,745 - INFO - Completed swing analysis for SPX at daily interval
2025-04-15 10:42:50,746 - INFO - Analyzing VIX...
2025-04-15 10:42:50,984 - INFO - Completed swing analysis for VIX at daily interval
2025-04-15 10:42:50,984 - INFO - Analyzing ES...
2025-04-15 10:42:51,010 - INFO - Completed swing analysis for ES at daily interval
2025-04-15 10:42:51,015 - INFO - Completed swing analysis for ES at weekly interval
2025-04-15 10:42:51,027 - INFO - Saved swing analysis results to C:\Users\Swathi Gogula\Desktop\myapps\stocks\stock-dashboards\analysis_output\swing_analysis_20250415.json
2025-04-15 10:42:51,027 - INFO - Swing analysis completed successfully
2025-04-15 10:42:51,027 - INFO - Swing analysis completed successfully
2025-04-15 10:42:51,029 - INFO - Generating summary...
2025-04-15 10:42:51,030 - INFO - Summary saved to C:\Users\Swathi Gogula\Desktop\myapps\stocks\stock-dashboards\reports\market_summary_2025-04-15.json
2025-04-15 10:42:51,030 - INFO - Summary generated and saved successfully
2025-04-15 10:44:42,122 - INFO - Created/verified directories: C:\Users\Swathi Gogula\Desktop\myapps\stocks\stock-dashboards\data, C:\Users\Swathi Gogula\Desktop\myapps\stocks\stock-dashboards\analysis_output, C:\Users\Swathi Gogula\Desktop\myapps\stocks\stock-dashboards\reports, C:\Users\Swathi Gogula\Desktop\myapps\stocks\stock-dashboards\config
2025-04-15 10:44:42,122 - INFO - Created/verified directory: C:\Users\Swathi Gogula\Desktop\myapps\stocks\stock-dashboards\data\daily
2025-04-15 10:44:42,122 - INFO - Created/verified directory: C:\Users\Swathi Gogula\Desktop\myapps\stocks\stock-dashboards\data\weekly
2025-04-15 10:44:42,122 - INFO - Created/verified directory: C:\Users\Swathi Gogula\Desktop\myapps\stocks\stock-dashboards\data\monthly
2025-04-15 10:44:42,123 - INFO - Created/verified directory: C:\Users\Swathi Gogula\Desktop\myapps\stocks\stock-dashboards\data\15m
2025-04-15 10:44:42,123 - INFO - Created/verified directory: C:\Users\Swathi Gogula\Desktop\myapps\stocks\stock-dashboards\data\30m
2025-04-15 10:44:42,123 - INFO - Created/verified directory: C:\Users\Swathi Gogula\Desktop\myapps\stocks\stock-dashboards\data\60m
2025-04-15 10:44:42,123 - INFO - Starting data collection...
2025-04-15 10:44:44,619 - INFO - Starting market analysis...
2025-04-15 10:44:45,257 - INFO - Analysis results saved to C:\Users\Swathi Gogula\Desktop\myapps\stocks\stock-dashboards\analysis_output\market_analysis_2025-04-15.json
2025-04-15 10:44:45,257 - INFO - Market analysis completed successfully
2025-04-15 10:44:45,257 - INFO - Starting swing analysis...
2025-04-15 10:44:45,258 - INFO - Starting swing analysis...
2025-04-15 10:44:45,258 - INFO - Loading market analysis from C:\Users\Swathi Gogula\Desktop\myapps\stocks\stock-dashboards\analysis_output\market_analysis_2025-04-15.json
2025-04-15 10:44:45,298 - INFO - Analyzing SPX...
2025-04-15 10:44:45,528 - INFO - Completed swing analysis for SPX at daily interval
2025-04-15 10:44:45,528 - INFO - Analyzing VIX...
2025-04-15 10:44:45,765 - INFO - Completed swing analysis for VIX at daily interval
2025-04-15 10:44:45,766 - INFO - Analyzing ES...
2025-04-15 10:44:45,790 - INFO - Completed swing analysis for ES at daily interval
2025-04-15 10:44:45,795 - INFO - Completed swing analysis for ES at weekly interval
2025-04-15 10:44:45,807 - INFO - Saved swing analysis results to C:\Users\Swathi Gogula\Desktop\myapps\stocks\stock-dashboards\analysis_output\swing_analysis_2025-04-15.json
2025-04-15 10:44:45,807 - INFO - Swing analysis completed successfully
2025-04-15 10:44:45,808 - INFO - Swing analysis completed successfully
2025-04-15 10:44:45,808 - INFO - Generating summary...
2025-04-15 10:44:45,809 - INFO - Summary saved to C:\Users\Swathi Gogula\Desktop\myapps\stocks\stock-dashboards\reports\market_summary_2025-04-15.json
2025-04-15 10:44:45,811 - INFO - Summary generated and saved successfully
2025-04-15 10:56:58,618 - INFO - Created/verified directories: C:\Users\Swathi Gogula\Desktop\myapps\stocks\stock-dashboards\data, C:\Users\Swathi Gogula\Desktop\myapps\stocks\stock-dashboards\analysis_output, C:\Users\Swathi Gogula\Desktop\myapps\stocks\stock-dashboards\reports, C:\Users\Swathi Gogula\Desktop\myapps\stocks\stock-dashboards\config
2025-04-15 10:56:58,619 - INFO - Created/verified directory: C:\Users\Swathi Gogula\Desktop\myapps\stocks\stock-dashboards\data\daily
2025-04-15 10:56:58,619 - INFO - Created/verified directory: C:\Users\Swathi Gogula\Desktop\myapps\stocks\stock-dashboards\data\weekly
2025-04-15 10:56:58,619 - INFO - Created/verified directory: C:\Users\Swathi Gogula\Desktop\myapps\stocks\stock-dashboards\data\monthly
2025-04-15 10:56:58,619 - INFO - Created/verified directory: C:\Users\Swathi Gogula\Desktop\myapps\stocks\stock-dashboards\data\15m
2025-04-15 10:56:58,621 - INFO - Created/verified directory: C:\Users\Swathi Gogula\Desktop\myapps\stocks\stock-dashboards\data\30m
2025-04-15 10:56:58,621 - INFO - Created/verified directory: C:\Users\Swathi Gogula\Desktop\myapps\stocks\stock-dashboards\data\60m
2025-04-15 10:56:58,621 - INFO - Starting data collection...
2025-04-15 10:57:00,555 - INFO - Starting market analysis...
2025-04-15 10:57:01,167 - INFO - Analysis results saved to C:\Users\Swathi Gogula\Desktop\myapps\stocks\stock-dashboards\analysis_output\market_analysis_2025-04-15.json
2025-04-15 10:57:01,167 - INFO - Market analysis completed successfully
2025-04-15 10:57:01,167 - INFO - Starting swing analysis...
2025-04-15 10:57:01,167 - INFO - Starting swing analysis...
2025-04-15 10:57:01,168 - INFO - Loading market analysis from C:\Users\Swathi Gogula\Desktop\myapps\stocks\stock-dashboards\analysis_output\market_analysis_2025-04-15.json
2025-04-15 10:57:01,210 - INFO - Analyzing SPX...
2025-04-15 10:57:01,430 - INFO - Completed swing analysis for SPX at daily interval
2025-04-15 10:57:01,431 - INFO - Analyzing VIX...
2025-04-15 10:57:01,666 - INFO - Completed swing analysis for VIX at daily interval
2025-04-15 10:57:01,667 - INFO - Analyzing ES...
2025-04-15 10:57:01,690 - INFO - Completed swing analysis for ES at daily interval
2025-04-15 10:57:01,696 - INFO - Completed swing analysis for ES at weekly interval
2025-04-15 10:57:01,706 - INFO - Saved swing analysis results to C:\Users\Swathi Gogula\Desktop\myapps\stocks\stock-dashboards\analysis_output\swing_analysis_2025-04-15.json
2025-04-15 10:57:01,707 - INFO - Swing analysis completed successfully
2025-04-15 10:57:01,708 - INFO - Swing analysis completed successfully
2025-04-15 10:57:01,709 - INFO - Generating summary...
2025-04-15 10:57:01,710 - INFO - Summary saved to C:\Users\Swathi Gogula\Desktop\myapps\stocks\stock-dashboards\reports\market_summary_2025-04-15.json
2025-04-15 10:57:01,710 - INFO - Summary generated and saved successfully
2025-04-15 10:57:29,350 - INFO - Created/verified directories: C:\Users\Swathi Gogula\Desktop\myapps\stocks\stock-dashboards\data, C:\Users\Swathi Gogula\Desktop\myapps\stocks\stock-dashboards\analysis_output, C:\Users\Swathi Gogula\Desktop\myapps\stocks\stock-dashboards\reports, C:\Users\Swathi Gogula\Desktop\myapps\stocks\stock-dashboards\config
2025-04-15 10:57:29,351 - INFO - Created/verified directory: C:\Users\Swathi Gogula\Desktop\myapps\stocks\stock-dashboards\data\daily
2025-04-15 10:57:29,351 - INFO - Created/verified directory: C:\Users\Swathi Gogula\Desktop\myapps\stocks\stock-dashboards\data\weekly
2025-04-15 10:57:29,351 - INFO - Created/verified directory: C:\Users\Swathi Gogula\Desktop\myapps\stocks\stock-dashboards\data\monthly
2025-04-15 10:57:29,351 - INFO - Created/verified directory: C:\Users\Swathi Gogula\Desktop\myapps\stocks\stock-dashboards\data\15m
2025-04-15 10:57:29,351 - INFO - Created/verified directory: C:\Users\Swathi Gogula\Desktop\myapps\stocks\stock-dashboards\data\30m
2025-04-15 10:57:29,352 - INFO - Created/verified directory: C:\Users\Swathi Gogula\Desktop\myapps\stocks\stock-dashboards\data\60m
2025-04-15 10:57:29,352 - INFO - Starting data collection...
2025-04-15 10:57:31,603 - INFO - Starting market analysis...
2025-04-15 10:57:32,206 - INFO - Analysis results saved to C:\Users\Swathi Gogula\Desktop\myapps\stocks\stock-dashboards\analysis_output\market_analysis_2025-04-15.json
2025-04-15 10:57:32,207 - INFO - Market analysis completed successfully
2025-04-15 10:57:32,207 - INFO - Starting swing analysis...
2025-04-15 10:57:32,207 - INFO - Starting swing analysis...
2025-04-15 10:57:32,208 - INFO - Loading market analysis from C:\Users\Swathi Gogula\Desktop\myapps\stocks\stock-dashboards\analysis_output\market_analysis_2025-04-15.json
2025-04-15 10:57:32,247 - INFO - Analyzing SPX...
2025-04-15 10:57:32,581 - INFO - Completed swing analysis for SPX at daily interval
2025-04-15 10:57:32,582 - INFO - Analyzing VIX...
2025-04-15 10:57:32,856 - INFO - Completed swing analysis for VIX at daily interval
2025-04-15 10:57:32,856 - INFO - Analyzing ES...
2025-04-15 10:57:32,885 - INFO - Completed swing analysis for ES at daily interval
2025-04-15 10:57:32,890 - INFO - Completed swing analysis for ES at weekly interval
2025-04-15 10:57:32,900 - INFO - Saved swing analysis results to C:\Users\Swathi Gogula\Desktop\myapps\stocks\stock-dashboards\analysis_output\swing_analysis_2025-04-15.json
2025-04-15 10:57:32,901 - INFO - Swing analysis completed successfully
2025-04-15 10:57:32,901 - INFO - Swing analysis completed successfully
2025-04-15 10:57:32,902 - INFO - Generating summary...
2025-04-15 10:57:32,903 - INFO - Summary saved to C:\Users\Swathi Gogula\Desktop\myapps\stocks\stock-dashboards\reports\market_summary_2025-04-15.json
2025-04-15 10:57:32,903 - INFO - Summary generated and saved successfully
