2025-04-15 12:33:18,819 - INFO - Loading summary file: C:\Users\Swathi Gogula\Desktop\myapps\stocks\stock-dashboards\analysis_output\analysis_summary_2025-04-15.json
2025-04-15 12:35:36,115 - INFO - Loading summary file: C:\Users\Swathi Gogula\Desktop\myapps\stocks\stock-dashboards\analysis_output\analysis_summary_2025-04-15.json
2025-04-15 12:44:17,990 - INFO - Loading summary file: C:\Users\Swathi Gogula\Desktop\myapps\stocks\stock-dashboards\analysis_output\analysis_summary_2025-04-15.json
2025-04-15 12:44:32,737 - INFO - Loading summary file: C:\Users\Swathi Gogula\Desktop\myapps\stocks\stock-dashboards\analysis_output\analysis_summary_2025-04-15.json
2025-04-15 12:46:36,749 - INFO - Loading summary file: C:\Users\Swathi Gogula\Desktop\myapps\stocks\stock-dashboards\analysis_output\analysis_summary_2025-04-15.json
2025-04-15 12:47:01,748 - INFO - Loading summary file: C:\Users\Swathi Gogula\Desktop\myapps\stocks\stock-dashboards\analysis_output\analysis_summary_2025-04-15.json
2025-04-15 12:48:14,821 - INFO - Loading summary file: C:\Users\Swathi Gogula\Desktop\myapps\stocks\stock-dashboards\analysis_output\analysis_summary_2025-04-15.json
2025-04-15 13:35:13,630 - INFO - Loading summary file: C:\Users\Swathi Gogula\Desktop\myapps\stocks\stock-dashboards\analysis_output\analysis_summary_2025-04-15.json
2025-04-15 13:35:13,631 - ERROR - Error generating report: ' font-family'
2025-04-15 13:37:46,360 - INFO - Loading summary file: C:\Users\Swathi Gogula\Desktop\myapps\stocks\stock-dashboards\analysis_output\analysis_summary_2025-04-15.json
2025-04-15 13:37:46,361 - ERROR - Error generating report: Unknown format code 'f' for object of type 'str'
2025-04-15 13:38:21,620 - INFO - Loading summary file: C:\Users\Swathi Gogula\Desktop\myapps\stocks\stock-dashboards\analysis_output\analysis_summary_2025-04-15.json
2025-04-15 13:38:21,620 - ERROR - Error generating report: Unknown format code 'f' for object of type 'str'
2025-04-15 13:39:06,919 - INFO - Loading summary file: C:\Users\Swathi Gogula\Desktop\myapps\stocks\stock-dashboards\analysis_output\analysis_summary_2025-04-15.json
2025-04-15 13:39:06,919 - ERROR - Error generating report: Unknown format code 'f' for object of type 'str'
2025-04-15 13:39:55,194 - INFO - Loading summary file: C:\Users\Swathi Gogula\Desktop\myapps\stocks\stock-dashboards\analysis_output\analysis_summary_2025-04-15.json
2025-04-15 13:39:55,194 - ERROR - Error generating report: must be real number, not str
2025-04-15 13:40:33,987 - INFO - Loading summary file: C:\Users\Swathi Gogula\Desktop\myapps\stocks\stock-dashboards\analysis_output\analysis_summary_2025-04-15.json
2025-04-15 13:41:19,910 - INFO - Loading summary file: C:\Users\Swathi Gogula\Desktop\myapps\stocks\stock-dashboards\analysis_output\analysis_summary_2025-04-15.json
2025-04-15 13:43:43,952 - INFO - Loading summary file: C:\Users\Swathi Gogula\Desktop\myapps\stocks\stock-dashboards\analysis_output\analysis_summary_2025-04-15.json
2025-04-15 13:44:44,771 - INFO - Loading summary file: C:\Users\Swathi Gogula\Desktop\myapps\stocks\stock-dashboards\analysis_output\analysis_summary_2025-04-15.json
2025-04-15 13:46:17,008 - INFO - Loading summary file: C:\Users\Swathi Gogula\Desktop\myapps\stocks\stock-dashboards\analysis_output\analysis_summary_2025-04-15.json
2025-04-15 14:01:36,943 - INFO - Loading summary file: C:\Users\Swathi Gogula\Desktop\myapps\stocks\stock-dashboards\analysis_output\analysis_summary_2025-04-15.json
2025-04-15 14:01:36,944 - ERROR - Error generating report: ' font-family'
2025-04-15 14:01:58,543 - INFO - Loading summary file: C:\Users\Swathi Gogula\Desktop\myapps\stocks\stock-dashboards\analysis_output\analysis_summary_2025-04-15.json
2025-04-15 14:01:58,544 - ERROR - Error generating report: '\n                        font-family'
2025-04-15 14:02:52,060 - INFO - Loading summary file: C:\Users\Swathi Gogula\Desktop\myapps\stocks\stock-dashboards\analysis_output\analysis_summary_2025-04-15.json
2025-04-15 14:02:52,060 - ERROR - Error generating report: '\n                        font-family'
2025-04-15 14:03:17,067 - INFO - Loading summary file: C:\Users\Swathi Gogula\Desktop\myapps\stocks\stock-dashboards\analysis_output\analysis_summary_2025-04-15.json
2025-04-15 14:07:45,525 - INFO - Loading summary file: C:\Users\Swathi Gogula\Desktop\myapps\stocks\stock-dashboards\analysis_output\analysis_summary_2025-04-15.json
2025-04-15 14:12:20,844 - INFO - Loading summary file: C:\Users\Swathi Gogula\Desktop\myapps\stocks\stock-dashboards\analysis_output\analysis_summary_2025-04-15.json
2025-04-15 14:12:20,844 - ERROR - Error generating report: name 'daily_bb_lower' is not defined
2025-04-15 14:13:28,423 - INFO - Loading summary file: C:\Users\Swathi Gogula\Desktop\myapps\stocks\stock-dashboards\analysis_output\analysis_summary_2025-04-15.json
2025-04-15 14:13:28,423 - ERROR - Error generating report: name 'weekly_bb_lower' is not defined
2025-04-15 14:14:05,362 - INFO - Loading summary file: C:\Users\Swathi Gogula\Desktop\myapps\stocks\stock-dashboards\analysis_output\analysis_summary_2025-04-15.json
2025-04-15 14:16:52,709 - INFO - Loading summary file: C:\Users\Swathi Gogula\Desktop\myapps\stocks\stock-dashboards\analysis_output\analysis_summary_2025-04-15.json
2025-04-15 14:18:33,304 - INFO - Loading summary file: C:\Users\Swathi Gogula\Desktop\myapps\stocks\stock-dashboards\analysis_output\analysis_summary_2025-04-15.json
2025-04-15 14:20:23,608 - INFO - Loading summary file: C:\Users\Swathi Gogula\Desktop\myapps\stocks\stock-dashboards\analysis_output\analysis_summary_2025-04-15.json
2025-04-15 14:21:40,669 - INFO - Loading summary file: C:\Users\Swathi Gogula\Desktop\myapps\stocks\stock-dashboards\analysis_output\analysis_summary_2025-04-15.json
2025-04-15 14:29:24,328 - INFO - Loading summary file: C:\Users\Swathi Gogula\Desktop\myapps\stocks\stock-dashboards\analysis_output\analysis_summary_2025-04-15.json
2025-04-15 14:30:31,410 - INFO - Loading summary file: C:\Users\Swathi Gogula\Desktop\myapps\stocks\stock-dashboards\analysis_output\analysis_summary_2025-04-15.json
2025-04-15 15:08:02,258 - INFO - Loading summary file: C:\Users\Swathi Gogula\Desktop\myapps\stocks\stock-dashboards\analysis_output\analysis_summary_2025-04-15.json
2025-04-15 15:08:34,607 - INFO - Loading summary file: C:\Users\Swathi Gogula\Desktop\myapps\stocks\stock-dashboards\analysis_output\analysis_summary_2025-04-15.json
